#
# There is insufficient memory for the Java Runtime Environment to continue.
# Native memory allocation (mmap) failed to map 53477376 bytes for Failed to commit area from 0x0000000714200000 to 0x0000000717500000 of length 53477376.
# Possible reasons:
#   The system is out of physical RAM or swap space
#   The process is running with CompressedOops enabled, and the Java Heap may be blocking the growth of the native heap
# Possible solutions:
#   Reduce memory load on the system
#   Increase physical memory or swap space
#   Check if swap backing store is full
#   Decrease Java heap size (-Xmx/-Xms)
#   Decrease number of Java threads
#   Decrease Java thread stack sizes (-Xss)
#   Set larger code cache with -XX:ReservedCodeCacheSize=
#   JVM is running with Zero Based Compressed Oops mode in which the Java heap is
#     placed in the first 32GB address space. The Java Heap base address is the
#     maximum limit for the native heap growth. Please use -XX:HeapBaseMinAddress
#     to set the Java Heap base and to place the Java Heap above 32GB virtual address.
# This output file may be truncated or incomplete.
#
#  Out of Memory Error (./open/src/hotspot/os/windows/os_windows.cpp:3298), pid=23088, tid=32608
#
# JRE version: Java(TM) SE Runtime Environment 18.9 (11.0.23+7) (build 11.0.23+7-LTS-222)
# Java VM: Java HotSpot(TM) 64-Bit Server VM 18.9 (11.0.23+7-LTS-222, mixed mode, tiered, compressed oops, g1 gc, windows-amd64)
# No core dump will be written. Minidumps are not enabled by default on client versions of Windows
#

---------------  S U M M A R Y ------------

Command Line: -javaagent:C:\Users\user\Desktop\course\Intellij\lib\idea_rt.jar=53962:C:\Users\user\Desktop\course\Intellij\bin -Dfile.encoding=UTF-8 com.coding404.myweb.BootMywebApplication

Host: 12th Gen Intel(R) Core(TM) i5-12400, 12 cores, 15G,  Windows 11 , 64 bit Build 22621 (10.0.22621.3672)
Time: Mon Aug 12 11:48:32 2024  Windows 11 , 64 bit Build 22621 (10.0.22621.3672) elapsed time: 1.570048 seconds (0d 0h 0m 1s)

---------------  T H R E A D  ---------------

Current thread (0x0000022a3f5f7000):  VMThread "VM Thread" [stack: 0x0000006dd7c00000,0x0000006dd7d00000] [id=32608]

Stack: [0x0000006dd7c00000,0x0000006dd7d00000]
[error occurred during error reporting (printing stack bounds), id 0xc0000005, EXCEPTION_ACCESS_VIOLATION (0xc0000005) at pc=0x0000022a234a0f2d]

Native frames: (J=compiled Java code, j=interpreted, Vv=VM code, C=native code)
V  [jvm.dll+0x65524a]
V  [jvm.dll+0x79646f]
V  [jvm.dll+0x797b39]
V  [jvm.dll+0x798145]
V  [jvm.dll+0x7980fb]
V  [jvm.dll+0x65475d]
V  [jvm.dll+0x654e48]
C  [ntdll.dll+0xa504f]
C  [ntdll.dll+0x1e866]
C  [ntdll.dll+0xa403e]
C  0x0000022a234a0f2d

VM_Operation (0x0000006dd90fbeb0): CollectForMetadataAllocation, mode: safepoint, requested by thread 0x0000022a409c4800


---------------  P R O C E S S  ---------------

Threads class SMR info:
_java_thread_list=0x0000022a41e0a0d0, length=15, elements={
0x0000022a1bdbe800, 0x0000022a3f5f9000, 0x0000022a3f5fa800, 0x0000022a3f666000,
0x0000022a3f669000, 0x0000022a3f66a000, 0x0000022a3f66d000, 0x0000022a3f670000,
0x0000022a3f671000, 0x0000022a3f5a0800, 0x0000022a3f7ea800, 0x0000022a3f85d000,
0x0000022a3fa84000, 0x0000022a3fcab800, 0x0000022a409c4800
}

Java Threads: ( => current thread )
  0x0000022a1bdbe800 JavaThread "main" [_thread_blocked, id=17420, stack(0x0000006dd7600000,0x0000006dd7700000)]
  0x0000022a3f5f9000 JavaThread "Reference Handler" daemon [_thread_blocked, id=16340, stack(0x0000006dd7d00000,0x0000006dd7e00000)]
  0x0000022a3f5fa800 JavaThread "Finalizer" daemon [_thread_blocked, id=32740, stack(0x0000006dd7e00000,0x0000006dd7f00000)]
  0x0000022a3f666000 JavaThread "Signal Dispatcher" daemon [_thread_blocked, id=18632, stack(0x0000006dd7f00000,0x0000006dd8000000)]
  0x0000022a3f669000 JavaThread "Attach Listener" daemon [_thread_blocked, id=33636, stack(0x0000006dd8000000,0x0000006dd8100000)]
  0x0000022a3f66a000 JavaThread "Service Thread" daemon [_thread_blocked, id=26112, stack(0x0000006dd8100000,0x0000006dd8200000)]
  0x0000022a3f66d000 JavaThread "C2 CompilerThread0" daemon [_thread_blocked, id=24240, stack(0x0000006dd8200000,0x0000006dd8300000)]
  0x0000022a3f670000 JavaThread "C1 CompilerThread0" daemon [_thread_blocked, id=4204, stack(0x0000006dd8300000,0x0000006dd8400000)]
  0x0000022a3f671000 JavaThread "Sweeper thread" daemon [_thread_blocked, id=18832, stack(0x0000006dd8400000,0x0000006dd8500000)]
  0x0000022a3f5a0800 JavaThread "Common-Cleaner" daemon [_thread_blocked, id=13520, stack(0x0000006dd8500000,0x0000006dd8600000)]
  0x0000022a3f7ea800 JavaThread "C2 CompilerThread1" daemon [_thread_blocked, id=24704, stack(0x0000006dd8600000,0x0000006dd8700000)]
  0x0000022a3f85d000 JavaThread "C2 CompilerThread2" daemon [_thread_in_native, id=11272, stack(0x0000006dd8700000,0x0000006dd8800000)]
  0x0000022a3fa84000 JavaThread "Monitor Ctrl-Break" daemon [_thread_in_native, id=41220, stack(0x0000006dd8800000,0x0000006dd8900000)]
  0x0000022a3fcab800 JavaThread "Thread-0" [_thread_blocked, id=18656, stack(0x0000006dd8f00000,0x0000006dd9000000)]
  0x0000022a409c4800 JavaThread "restartedMain" [_thread_blocked, id=37340, stack(0x0000006dd9000000,0x0000006dd9100000)]

Other Threads:
=>0x0000022a3f5f7000 VMThread "VM Thread" [stack: 0x0000006dd7c00000,0x0000006dd7d00000] [id=32608]
  0x0000022a3fa85800 WatcherThread [stack: 0x0000006dd8900000,0x0000006dd8a00000] [id=41588]
  0x0000022a1bdd5800 GCTaskThread "GC Thread#0" [stack: 0x0000006dd7700000,0x0000006dd7800000] [id=44280]
  0x0000022a40a77800 GCTaskThread "GC Thread#1" [stack: 0x0000006dd8a00000,0x0000006dd8b00000] [id=40120]
  0x0000022a40f11800 GCTaskThread "GC Thread#2" [stack: 0x0000006dd8b00000,0x0000006dd8c00000] [id=23876]
  0x0000022a407ac800 GCTaskThread "GC Thread#3" [stack: 0x0000006dd8c00000,0x0000006dd8d00000] [id=34808]
  0x0000022a4073b000 GCTaskThread "GC Thread#4" [stack: 0x0000006dd8d00000,0x0000006dd8e00000] [id=37632]
  0x0000022a406ac000 GCTaskThread "GC Thread#5" [stack: 0x0000006dd8e00000,0x0000006dd8f00000] [id=5524]
  0x0000022a410c2000 GCTaskThread "GC Thread#6" [stack: 0x0000006dd9200000,0x0000006dd9300000] [id=23416]
  0x0000022a40f2b000 GCTaskThread "GC Thread#7" [stack: 0x0000006dd9300000,0x0000006dd9400000] [id=16408]
  0x0000022a1be33800 ConcurrentGCThread "G1 Main Marker" [stack: 0x0000006dd7800000,0x0000006dd7900000] [id=26580]
  0x0000022a1be36000 ConcurrentGCThread "G1 Conc#0" [stack: 0x0000006dd7900000,0x0000006dd7a00000] [id=44792]
  0x0000022a4079f000 ConcurrentGCThread "G1 Conc#1" [stack: 0x0000006dd9400000,0x0000006dd9500000] [id=39644]
  0x0000022a40cde000 ConcurrentGCThread "G1 Conc#2" [stack: 0x0000006dd9500000,0x0000006dd9600000] [id=32912]
  0x0000022a3ea15800 ConcurrentGCThread "G1 Refine#0" [stack: 0x0000006dd7a00000,0x0000006dd7b00000] [id=36136]
  0x0000022a3ea16000 ConcurrentGCThread "G1 Young RemSet Sampling" [stack: 0x0000006dd7b00000,0x0000006dd7c00000] [id=25024]

Threads with active compile tasks:
C2 CompilerThread0     1575 3247       4       java.util.Arrays::equals (57 bytes)
C2 CompilerThread1     1576 3240       4       org.springframework.beans.factory.support.DefaultListableBeanFactory::containsBeanDefinition (17 bytes)
C2 CompilerThread2     1576 3148       4       org.springframework.beans.factory.support.AbstractBeanFactory::isTypeMatch (607 bytes)

VM state:at safepoint (normal execution)

VM Mutex/Monitor currently owned by a thread:  ([mutex/lock_event])
[0x0000022a1bdbc1f0] Threads_lock - owner thread: 0x0000022a3f5f7000
[0x0000022a1bdbb2c0] Heap_lock - owner thread: 0x0000022a409c4800

Heap address: 0x0000000704600000, size: 4026 MB, Compressed Oops mode: Zero based, Oop shift amount: 3
Narrow klass base: 0x0000000800000000, Narrow klass shift: 0
Compressed class space size: 1073741824 Address: 0x0000000800000000

Heap:
 garbage-first heap   total 310272K, used 12248K [0x0000000704600000, 0x0000000800000000)
  region size 1024K, 8 young (8192K), 8 survivors (8192K)
 Metaspace       used 34967K, capacity 35811K, committed 35840K, reserved 1081344K
  class space    used 4146K, capacity 4451K, committed 4480K, reserved 1048576K
Heap Regions: E=young(eden), S=young(survivor), O=old, HS=humongous(starts), HC=humongous(continues), CS=collection set, F=free, A=archive, TAMS=top-at-mark-start (previous, next)
|   0|0x0000000704600000, 0x0000000704700000, 0x0000000704700000|100%| O|  |TAMS 0x0000000704700000, 0x0000000704700000| Untracked 
|   1|0x0000000704700000, 0x0000000704800000, 0x0000000704800000|100%| O|  |TAMS 0x00000007047e1600, 0x0000000704800000| Untracked 
|   2|0x0000000704800000, 0x0000000704900000, 0x0000000704900000|100%| O|  |TAMS 0x0000000704800000, 0x0000000704900000| Untracked 
|   3|0x0000000704900000, 0x0000000704a00000, 0x0000000704a00000|100%| O|  |TAMS 0x0000000704900000, 0x0000000704a00000| Untracked 
|   4|0x0000000704a00000, 0x0000000704ac8600, 0x0000000704b00000| 78%| O|  |TAMS 0x0000000704a00000, 0x0000000704ac8600| Untracked 
|   5|0x0000000704b00000, 0x0000000704b00000, 0x0000000704c00000|  0%| F|  |TAMS 0x0000000704b00000, 0x0000000704b00000| Untracked 
|   6|0x0000000704c00000, 0x0000000704c00000, 0x0000000704d00000|  0%| F|  |TAMS 0x0000000704c00000, 0x0000000704c00000| Untracked 
|   7|0x0000000704d00000, 0x0000000704d00000, 0x0000000704e00000|  0%| F|  |TAMS 0x0000000704d00000, 0x0000000704d00000| Untracked 
|   8|0x0000000704e00000, 0x0000000704e00000, 0x0000000704f00000|  0%| F|  |TAMS 0x0000000704e00000, 0x0000000704e00000| Untracked 
|   9|0x0000000704f00000, 0x0000000704f00000, 0x0000000705000000|  0%| F|  |TAMS 0x0000000704f00000, 0x0000000704f00000| Untracked 
|  10|0x0000000705000000, 0x0000000705000000, 0x0000000705100000|  0%| F|  |TAMS 0x0000000705000000, 0x0000000705000000| Untracked 
|  11|0x0000000705100000, 0x0000000705100000, 0x0000000705200000|  0%| F|  |TAMS 0x0000000705100000, 0x0000000705100000| Untracked 
|  12|0x0000000705200000, 0x0000000705200000, 0x0000000705300000|  0%| F|  |TAMS 0x0000000705200000, 0x0000000705200000| Untracked 
|  13|0x0000000705300000, 0x0000000705300000, 0x0000000705400000|  0%| F|  |TAMS 0x0000000705300000, 0x0000000705300000| Untracked 
|  14|0x0000000705400000, 0x0000000705400000, 0x0000000705500000|  0%| F|  |TAMS 0x0000000705400000, 0x0000000705400000| Untracked 
|  15|0x0000000705500000, 0x0000000705500000, 0x0000000705600000|  0%| F|  |TAMS 0x0000000705500000, 0x0000000705500000| Untracked 
|  16|0x0000000705600000, 0x0000000705600000, 0x0000000705700000|  0%| F|  |TAMS 0x0000000705600000, 0x0000000705600000| Untracked 
|  17|0x0000000705700000, 0x0000000705700000, 0x0000000705800000|  0%| F|  |TAMS 0x0000000705700000, 0x0000000705700000| Untracked 
|  18|0x0000000705800000, 0x0000000705800000, 0x0000000705900000|  0%| F|  |TAMS 0x0000000705800000, 0x0000000705800000| Untracked 
|  19|0x0000000705900000, 0x0000000705900000, 0x0000000705a00000|  0%| F|  |TAMS 0x0000000705900000, 0x0000000705900000| Untracked 
|  20|0x0000000705a00000, 0x0000000705a00000, 0x0000000705b00000|  0%| F|  |TAMS 0x0000000705a00000, 0x0000000705a00000| Untracked 
|  21|0x0000000705b00000, 0x0000000705b00000, 0x0000000705c00000|  0%| F|  |TAMS 0x0000000705b00000, 0x0000000705b00000| Untracked 
|  22|0x0000000705c00000, 0x0000000705c00000, 0x0000000705d00000|  0%| F|  |TAMS 0x0000000705c00000, 0x0000000705c00000| Untracked 
|  23|0x0000000705d00000, 0x0000000705d00000, 0x0000000705e00000|  0%| F|  |TAMS 0x0000000705d00000, 0x0000000705d00000| Untracked 
|  24|0x0000000705e00000, 0x0000000705e00000, 0x0000000705f00000|  0%| F|  |TAMS 0x0000000705e00000, 0x0000000705e00000| Untracked 
|  25|0x0000000705f00000, 0x0000000705f00000, 0x0000000706000000|  0%| F|  |TAMS 0x0000000705f00000, 0x0000000705f00000| Untracked 
|  26|0x0000000706000000, 0x0000000706000000, 0x0000000706100000|  0%| F|  |TAMS 0x0000000706000000, 0x0000000706000000| Untracked 
|  27|0x0000000706100000, 0x0000000706100000, 0x0000000706200000|  0%| F|  |TAMS 0x0000000706100000, 0x0000000706100000| Untracked 
|  28|0x0000000706200000, 0x0000000706200000, 0x0000000706300000|  0%| F|  |TAMS 0x0000000706200000, 0x0000000706200000| Untracked 
|  29|0x0000000706300000, 0x0000000706300000, 0x0000000706400000|  0%| F|  |TAMS 0x0000000706300000, 0x0000000706300000| Untracked 
|  30|0x0000000706400000, 0x0000000706400000, 0x0000000706500000|  0%| F|  |TAMS 0x0000000706400000, 0x0000000706400000| Untracked 
|  31|0x0000000706500000, 0x0000000706500000, 0x0000000706600000|  0%| F|  |TAMS 0x0000000706500000, 0x0000000706500000| Untracked 
|  32|0x0000000706600000, 0x0000000706600000, 0x0000000706700000|  0%| F|  |TAMS 0x0000000706600000, 0x0000000706600000| Untracked 
|  33|0x0000000706700000, 0x0000000706700000, 0x0000000706800000|  0%| F|  |TAMS 0x0000000706700000, 0x0000000706700000| Untracked 
|  34|0x0000000706800000, 0x0000000706800000, 0x0000000706900000|  0%| F|  |TAMS 0x0000000706800000, 0x0000000706800000| Untracked 
|  35|0x0000000706900000, 0x0000000706900000, 0x0000000706a00000|  0%| F|  |TAMS 0x0000000706900000, 0x0000000706900000| Untracked 
|  36|0x0000000706a00000, 0x0000000706a00000, 0x0000000706b00000|  0%| F|  |TAMS 0x0000000706a00000, 0x0000000706a00000| Untracked 
|  37|0x0000000706b00000, 0x0000000706b00000, 0x0000000706c00000|  0%| F|  |TAMS 0x0000000706b00000, 0x0000000706b00000| Untracked 
|  38|0x0000000706c00000, 0x0000000706c00000, 0x0000000706d00000|  0%| F|  |TAMS 0x0000000706c00000, 0x0000000706c00000| Untracked 
|  39|0x0000000706d00000, 0x0000000706d00000, 0x0000000706e00000|  0%| F|  |TAMS 0x0000000706d00000, 0x0000000706d00000| Untracked 
|  40|0x0000000706e00000, 0x0000000706e00000, 0x0000000706f00000|  0%| F|  |TAMS 0x0000000706e00000, 0x0000000706e00000| Untracked 
|  41|0x0000000706f00000, 0x0000000706f00000, 0x0000000707000000|  0%| F|  |TAMS 0x0000000706f00000, 0x0000000706f00000| Untracked 
|  42|0x0000000707000000, 0x0000000707000000, 0x0000000707100000|  0%| F|  |TAMS 0x0000000707000000, 0x0000000707000000| Untracked 
|  43|0x0000000707100000, 0x0000000707100000, 0x0000000707200000|  0%| F|  |TAMS 0x0000000707100000, 0x0000000707100000| Untracked 
|  44|0x0000000707200000, 0x0000000707200000, 0x0000000707300000|  0%| F|  |TAMS 0x0000000707200000, 0x0000000707200000| Untracked 
|  45|0x0000000707300000, 0x0000000707300000, 0x0000000707400000|  0%| F|  |TAMS 0x0000000707300000, 0x0000000707300000| Untracked 
|  46|0x0000000707400000, 0x0000000707400000, 0x0000000707500000|  0%| F|  |TAMS 0x0000000707400000, 0x0000000707400000| Untracked 
|  47|0x0000000707500000, 0x0000000707500000, 0x0000000707600000|  0%| F|  |TAMS 0x0000000707500000, 0x0000000707500000| Untracked 
|  48|0x0000000707600000, 0x0000000707600000, 0x0000000707700000|  0%| F|  |TAMS 0x0000000707600000, 0x0000000707600000| Untracked 
|  49|0x0000000707700000, 0x0000000707700000, 0x0000000707800000|  0%| F|  |TAMS 0x0000000707700000, 0x0000000707700000| Untracked 
|  50|0x0000000707800000, 0x0000000707800000, 0x0000000707900000|  0%| F|  |TAMS 0x0000000707800000, 0x0000000707800000| Untracked 
|  51|0x0000000707900000, 0x0000000707900000, 0x0000000707a00000|  0%| F|  |TAMS 0x0000000707900000, 0x0000000707900000| Untracked 
|  52|0x0000000707a00000, 0x0000000707a00000, 0x0000000707b00000|  0%| F|  |TAMS 0x0000000707a00000, 0x0000000707a00000| Untracked 
|  53|0x0000000707b00000, 0x0000000707b00000, 0x0000000707c00000|  0%| F|  |TAMS 0x0000000707b00000, 0x0000000707b00000| Untracked 
|  54|0x0000000707c00000, 0x0000000707c00000, 0x0000000707d00000|  0%| F|  |TAMS 0x0000000707c00000, 0x0000000707c00000| Untracked 
|  55|0x0000000707d00000, 0x0000000707d00000, 0x0000000707e00000|  0%| F|  |TAMS 0x0000000707d00000, 0x0000000707d00000| Untracked 
|  56|0x0000000707e00000, 0x0000000707e00000, 0x0000000707f00000|  0%| F|  |TAMS 0x0000000707e00000, 0x0000000707e00000| Untracked 
|  57|0x0000000707f00000, 0x0000000707f00000, 0x0000000708000000|  0%| F|  |TAMS 0x0000000707f00000, 0x0000000707f00000| Untracked 
|  58|0x0000000708000000, 0x0000000708000000, 0x0000000708100000|  0%| F|  |TAMS 0x0000000708000000, 0x0000000708000000| Untracked 
|  59|0x0000000708100000, 0x0000000708100000, 0x0000000708200000|  0%| F|  |TAMS 0x0000000708100000, 0x0000000708100000| Untracked 
|  60|0x0000000708200000, 0x0000000708200000, 0x0000000708300000|  0%| F|  |TAMS 0x0000000708200000, 0x0000000708200000| Untracked 
|  61|0x0000000708300000, 0x0000000708300000, 0x0000000708400000|  0%| F|  |TAMS 0x0000000708300000, 0x0000000708300000| Untracked 
|  62|0x0000000708400000, 0x0000000708400000, 0x0000000708500000|  0%| F|  |TAMS 0x0000000708400000, 0x0000000708400000| Untracked 
|  63|0x0000000708500000, 0x0000000708500000, 0x0000000708600000|  0%| F|  |TAMS 0x0000000708500000, 0x0000000708500000| Untracked 
|  64|0x0000000708600000, 0x0000000708600000, 0x0000000708700000|  0%| F|  |TAMS 0x0000000708600000, 0x0000000708600000| Untracked 
|  65|0x0000000708700000, 0x0000000708700000, 0x0000000708800000|  0%| F|  |TAMS 0x0000000708700000, 0x0000000708700000| Untracked 
|  66|0x0000000708800000, 0x0000000708800000, 0x0000000708900000|  0%| F|  |TAMS 0x0000000708800000, 0x0000000708800000| Untracked 
|  67|0x0000000708900000, 0x0000000708900000, 0x0000000708a00000|  0%| F|  |TAMS 0x0000000708900000, 0x0000000708900000| Untracked 
|  68|0x0000000708a00000, 0x0000000708a00000, 0x0000000708b00000|  0%| F|  |TAMS 0x0000000708a00000, 0x0000000708a00000| Untracked 
|  69|0x0000000708b00000, 0x0000000708b00000, 0x0000000708c00000|  0%| F|  |TAMS 0x0000000708b00000, 0x0000000708b00000| Untracked 
|  70|0x0000000708c00000, 0x0000000708c00000, 0x0000000708d00000|  0%| F|  |TAMS 0x0000000708c00000, 0x0000000708c00000| Untracked 
|  71|0x0000000708d00000, 0x0000000708d00000, 0x0000000708e00000|  0%| F|  |TAMS 0x0000000708d00000, 0x0000000708d00000| Untracked 
|  72|0x0000000708e00000, 0x0000000708e00000, 0x0000000708f00000|  0%| F|  |TAMS 0x0000000708e00000, 0x0000000708e00000| Untracked 
|  73|0x0000000708f00000, 0x0000000708f00000, 0x0000000709000000|  0%| F|  |TAMS 0x0000000708f00000, 0x0000000708f00000| Untracked 
|  74|0x0000000709000000, 0x0000000709000000, 0x0000000709100000|  0%| F|  |TAMS 0x0000000709000000, 0x0000000709000000| Untracked 
|  75|0x0000000709100000, 0x0000000709100000, 0x0000000709200000|  0%| F|  |TAMS 0x0000000709100000, 0x0000000709100000| Untracked 
|  76|0x0000000709200000, 0x0000000709200000, 0x0000000709300000|  0%| F|  |TAMS 0x0000000709200000, 0x0000000709200000| Untracked 
|  77|0x0000000709300000, 0x0000000709300000, 0x0000000709400000|  0%| F|  |TAMS 0x0000000709300000, 0x0000000709300000| Untracked 
|  78|0x0000000709400000, 0x0000000709400000, 0x0000000709500000|  0%| F|  |TAMS 0x0000000709400000, 0x0000000709400000| Untracked 
|  79|0x0000000709500000, 0x0000000709500000, 0x0000000709600000|  0%| F|  |TAMS 0x0000000709500000, 0x0000000709500000| Untracked 
|  80|0x0000000709600000, 0x0000000709600000, 0x0000000709700000|  0%| F|  |TAMS 0x0000000709600000, 0x0000000709600000| Untracked 
|  81|0x0000000709700000, 0x0000000709700000, 0x0000000709800000|  0%| F|  |TAMS 0x0000000709700000, 0x0000000709700000| Untracked 
|  82|0x0000000709800000, 0x0000000709800000, 0x0000000709900000|  0%| F|  |TAMS 0x0000000709800000, 0x0000000709800000| Untracked 
|  83|0x0000000709900000, 0x0000000709900000, 0x0000000709a00000|  0%| F|  |TAMS 0x0000000709900000, 0x0000000709900000| Untracked 
|  84|0x0000000709a00000, 0x0000000709a00000, 0x0000000709b00000|  0%| F|  |TAMS 0x0000000709a00000, 0x0000000709a00000| Untracked 
|  85|0x0000000709b00000, 0x0000000709b00000, 0x0000000709c00000|  0%| F|  |TAMS 0x0000000709b00000, 0x0000000709b00000| Untracked 
|  86|0x0000000709c00000, 0x0000000709c00000, 0x0000000709d00000|  0%| F|  |TAMS 0x0000000709c00000, 0x0000000709c00000| Untracked 
|  87|0x0000000709d00000, 0x0000000709d00000, 0x0000000709e00000|  0%| F|  |TAMS 0x0000000709d00000, 0x0000000709d00000| Untracked 
|  88|0x0000000709e00000, 0x0000000709e00000, 0x0000000709f00000|  0%| F|  |TAMS 0x0000000709e00000, 0x0000000709e00000| Untracked 
|  89|0x0000000709f00000, 0x0000000709f00000, 0x000000070a000000|  0%| F|  |TAMS 0x0000000709f00000, 0x0000000709f00000| Untracked 
|  90|0x000000070a000000, 0x000000070a000000, 0x000000070a100000|  0%| F|  |TAMS 0x000000070a000000, 0x000000070a000000| Untracked 
|  91|0x000000070a100000, 0x000000070a100000, 0x000000070a200000|  0%| F|  |TAMS 0x000000070a100000, 0x000000070a100000| Untracked 
|  92|0x000000070a200000, 0x000000070a200000, 0x000000070a300000|  0%| F|  |TAMS 0x000000070a200000, 0x000000070a200000| Untracked 
|  93|0x000000070a300000, 0x000000070a300000, 0x000000070a400000|  0%| F|  |TAMS 0x000000070a300000, 0x000000070a300000| Untracked 
|  94|0x000000070a400000, 0x000000070a400000, 0x000000070a500000|  0%| F|  |TAMS 0x000000070a400000, 0x000000070a400000| Untracked 
|  95|0x000000070a500000, 0x000000070a500000, 0x000000070a600000|  0%| F|  |TAMS 0x000000070a500000, 0x000000070a500000| Untracked 
|  96|0x000000070a600000, 0x000000070a600000, 0x000000070a700000|  0%| F|  |TAMS 0x000000070a600000, 0x000000070a600000| Untracked 
|  97|0x000000070a700000, 0x000000070a700000, 0x000000070a800000|  0%| F|  |TAMS 0x000000070a700000, 0x000000070a700000| Untracked 
|  98|0x000000070a800000, 0x000000070a800000, 0x000000070a900000|  0%| F|  |TAMS 0x000000070a800000, 0x000000070a800000| Untracked 
|  99|0x000000070a900000, 0x000000070a900000, 0x000000070aa00000|  0%| F|  |TAMS 0x000000070a900000, 0x000000070a900000| Untracked 
| 100|0x000000070aa00000, 0x000000070aa00000, 0x000000070ab00000|  0%| F|  |TAMS 0x000000070aa00000, 0x000000070aa00000| Untracked 
| 101|0x000000070ab00000, 0x000000070ab00000, 0x000000070ac00000|  0%| F|  |TAMS 0x000000070ab00000, 0x000000070ab00000| Untracked 
| 102|0x000000070ac00000, 0x000000070ac00000, 0x000000070ad00000|  0%| F|  |TAMS 0x000000070ac00000, 0x000000070ac00000| Untracked 
| 103|0x000000070ad00000, 0x000000070ad00000, 0x000000070ae00000|  0%| F|  |TAMS 0x000000070ad00000, 0x000000070ad00000| Untracked 
| 104|0x000000070ae00000, 0x000000070ae00000, 0x000000070af00000|  0%| F|  |TAMS 0x000000070ae00000, 0x000000070ae00000| Untracked 
| 105|0x000000070af00000, 0x000000070af00000, 0x000000070b000000|  0%| F|  |TAMS 0x000000070af00000, 0x000000070af00000| Untracked 
| 106|0x000000070b000000, 0x000000070b000000, 0x000000070b100000|  0%| F|  |TAMS 0x000000070b000000, 0x000000070b000000| Untracked 
| 107|0x000000070b100000, 0x000000070b100000, 0x000000070b200000|  0%| F|  |TAMS 0x000000070b100000, 0x000000070b100000| Untracked 
| 108|0x000000070b200000, 0x000000070b200000, 0x000000070b300000|  0%| F|  |TAMS 0x000000070b200000, 0x000000070b200000| Untracked 
| 109|0x000000070b300000, 0x000000070b300000, 0x000000070b400000|  0%| F|  |TAMS 0x000000070b300000, 0x000000070b300000| Untracked 
| 110|0x000000070b400000, 0x000000070b400000, 0x000000070b500000|  0%| F|  |TAMS 0x000000070b400000, 0x000000070b400000| Untracked 
| 111|0x000000070b500000, 0x000000070b500000, 0x000000070b600000|  0%| F|  |TAMS 0x000000070b500000, 0x000000070b500000| Untracked 
| 112|0x000000070b600000, 0x000000070b600000, 0x000000070b700000|  0%| F|  |TAMS 0x000000070b600000, 0x000000070b600000| Untracked 
| 113|0x000000070b700000, 0x000000070b700000, 0x000000070b800000|  0%| F|  |TAMS 0x000000070b700000, 0x000000070b700000| Untracked 
| 114|0x000000070b800000, 0x000000070b800000, 0x000000070b900000|  0%| F|  |TAMS 0x000000070b800000, 0x000000070b800000| Untracked 
| 115|0x000000070b900000, 0x000000070b900000, 0x000000070ba00000|  0%| F|  |TAMS 0x000000070b900000, 0x000000070b900000| Untracked 
| 116|0x000000070ba00000, 0x000000070ba00000, 0x000000070bb00000|  0%| F|  |TAMS 0x000000070ba00000, 0x000000070ba00000| Untracked 
| 117|0x000000070bb00000, 0x000000070bb00000, 0x000000070bc00000|  0%| F|  |TAMS 0x000000070bb00000, 0x000000070bb00000| Untracked 
| 118|0x000000070bc00000, 0x000000070bc00000, 0x000000070bd00000|  0%| F|  |TAMS 0x000000070bc00000, 0x000000070bc00000| Untracked 
| 119|0x000000070bd00000, 0x000000070bd00000, 0x000000070be00000|  0%| F|  |TAMS 0x000000070bd00000, 0x000000070bd00000| Untracked 
| 120|0x000000070be00000, 0x000000070be00000, 0x000000070bf00000|  0%| F|  |TAMS 0x000000070be00000, 0x000000070be00000| Untracked 
| 121|0x000000070bf00000, 0x000000070bf00000, 0x000000070c000000|  0%| F|  |TAMS 0x000000070bf00000, 0x000000070bf00000| Untracked 
| 122|0x000000070c000000, 0x000000070c000000, 0x000000070c100000|  0%| F|  |TAMS 0x000000070c000000, 0x000000070c000000| Untracked 
| 123|0x000000070c100000, 0x000000070c100000, 0x000000070c200000|  0%| F|  |TAMS 0x000000070c100000, 0x000000070c100000| Untracked 
| 124|0x000000070c200000, 0x000000070c200000, 0x000000070c300000|  0%| F|  |TAMS 0x000000070c200000, 0x000000070c200000| Untracked 
| 125|0x000000070c300000, 0x000000070c300000, 0x000000070c400000|  0%| F|  |TAMS 0x000000070c300000, 0x000000070c300000| Untracked 
| 126|0x000000070c400000, 0x000000070c400000, 0x000000070c500000|  0%| F|  |TAMS 0x000000070c400000, 0x000000070c400000| Untracked 
| 127|0x000000070c500000, 0x000000070c500000, 0x000000070c600000|  0%| F|  |TAMS 0x000000070c500000, 0x000000070c500000| Untracked 
| 128|0x000000070c600000, 0x000000070c600000, 0x000000070c700000|  0%| F|  |TAMS 0x000000070c600000, 0x000000070c600000| Untracked 
| 129|0x000000070c700000, 0x000000070c700000, 0x000000070c800000|  0%| F|  |TAMS 0x000000070c700000, 0x000000070c700000| Untracked 
| 130|0x000000070c800000, 0x000000070c800000, 0x000000070c900000|  0%| F|  |TAMS 0x000000070c800000, 0x000000070c800000| Untracked 
| 131|0x000000070c900000, 0x000000070c900000, 0x000000070ca00000|  0%| F|  |TAMS 0x000000070c900000, 0x000000070c900000| Untracked 
| 132|0x000000070ca00000, 0x000000070ca00000, 0x000000070cb00000|  0%| F|  |TAMS 0x000000070ca00000, 0x000000070ca00000| Untracked 
| 133|0x000000070cb00000, 0x000000070cb00000, 0x000000070cc00000|  0%| F|  |TAMS 0x000000070cb00000, 0x000000070cb00000| Untracked 
| 134|0x000000070cc00000, 0x000000070cc00000, 0x000000070cd00000|  0%| F|  |TAMS 0x000000070cc00000, 0x000000070cc00000| Untracked 
| 135|0x000000070cd00000, 0x000000070cd00000, 0x000000070ce00000|  0%| F|  |TAMS 0x000000070cd00000, 0x000000070cd00000| Untracked 
| 136|0x000000070ce00000, 0x000000070ce00000, 0x000000070cf00000|  0%| F|  |TAMS 0x000000070ce00000, 0x000000070ce00000| Untracked 
| 137|0x000000070cf00000, 0x000000070cf00000, 0x000000070d000000|  0%| F|  |TAMS 0x000000070cf00000, 0x000000070cf00000| Untracked 
| 138|0x000000070d000000, 0x000000070d000000, 0x000000070d100000|  0%| F|  |TAMS 0x000000070d000000, 0x000000070d000000| Untracked 
| 139|0x000000070d100000, 0x000000070d100000, 0x000000070d200000|  0%| F|  |TAMS 0x000000070d100000, 0x000000070d100000| Untracked 
| 140|0x000000070d200000, 0x000000070d200000, 0x000000070d300000|  0%| F|  |TAMS 0x000000070d200000, 0x000000070d200000| Untracked 
| 141|0x000000070d300000, 0x000000070d300000, 0x000000070d400000|  0%| F|  |TAMS 0x000000070d300000, 0x000000070d300000| Untracked 
| 142|0x000000070d400000, 0x000000070d400000, 0x000000070d500000|  0%| F|  |TAMS 0x000000070d400000, 0x000000070d400000| Untracked 
| 143|0x000000070d500000, 0x000000070d500000, 0x000000070d600000|  0%| F|  |TAMS 0x000000070d500000, 0x000000070d500000| Untracked 
| 144|0x000000070d600000, 0x000000070d600000, 0x000000070d700000|  0%| F|  |TAMS 0x000000070d600000, 0x000000070d600000| Untracked 
| 145|0x000000070d700000, 0x000000070d700000, 0x000000070d800000|  0%| F|  |TAMS 0x000000070d700000, 0x000000070d700000| Untracked 
| 146|0x000000070d800000, 0x000000070d800000, 0x000000070d900000|  0%| F|  |TAMS 0x000000070d800000, 0x000000070d800000| Untracked 
| 147|0x000000070d900000, 0x000000070d900000, 0x000000070da00000|  0%| F|  |TAMS 0x000000070d900000, 0x000000070d900000| Untracked 
| 148|0x000000070da00000, 0x000000070da00000, 0x000000070db00000|  0%| F|  |TAMS 0x000000070da00000, 0x000000070da00000| Untracked 
| 149|0x000000070db00000, 0x000000070db00000, 0x000000070dc00000|  0%| F|  |TAMS 0x000000070db00000, 0x000000070db00000| Untracked 
| 150|0x000000070dc00000, 0x000000070dc00000, 0x000000070dd00000|  0%| F|  |TAMS 0x000000070dc00000, 0x000000070dc00000| Untracked 
| 151|0x000000070dd00000, 0x000000070dd00000, 0x000000070de00000|  0%| F|  |TAMS 0x000000070dd00000, 0x000000070dd00000| Untracked 
| 152|0x000000070de00000, 0x000000070de00000, 0x000000070df00000|  0%| F|  |TAMS 0x000000070de00000, 0x000000070de00000| Untracked 
| 153|0x000000070df00000, 0x000000070df00000, 0x000000070e000000|  0%| F|  |TAMS 0x000000070df00000, 0x000000070df00000| Untracked 
| 154|0x000000070e000000, 0x000000070e000000, 0x000000070e100000|  0%| F|  |TAMS 0x000000070e000000, 0x000000070e000000| Untracked 
| 155|0x000000070e100000, 0x000000070e100000, 0x000000070e200000|  0%| F|  |TAMS 0x000000070e100000, 0x000000070e100000| Untracked 
| 156|0x000000070e200000, 0x000000070e200000, 0x000000070e300000|  0%| F|  |TAMS 0x000000070e200000, 0x000000070e200000| Untracked 
| 157|0x000000070e300000, 0x000000070e300000, 0x000000070e400000|  0%| F|  |TAMS 0x000000070e300000, 0x000000070e300000| Untracked 
| 158|0x000000070e400000, 0x000000070e400000, 0x000000070e500000|  0%| F|  |TAMS 0x000000070e400000, 0x000000070e400000| Untracked 
| 159|0x000000070e500000, 0x000000070e500000, 0x000000070e600000|  0%| F|  |TAMS 0x000000070e500000, 0x000000070e500000| Untracked 
| 160|0x000000070e600000, 0x000000070e600000, 0x000000070e700000|  0%| F|  |TAMS 0x000000070e600000, 0x000000070e600000| Untracked 
| 161|0x000000070e700000, 0x000000070e700000, 0x000000070e800000|  0%| F|  |TAMS 0x000000070e700000, 0x000000070e700000| Untracked 
| 162|0x000000070e800000, 0x000000070e800000, 0x000000070e900000|  0%| F|  |TAMS 0x000000070e800000, 0x000000070e800000| Untracked 
| 163|0x000000070e900000, 0x000000070e900000, 0x000000070ea00000|  0%| F|  |TAMS 0x000000070e900000, 0x000000070e900000| Untracked 
| 164|0x000000070ea00000, 0x000000070ea00000, 0x000000070eb00000|  0%| F|  |TAMS 0x000000070ea00000, 0x000000070ea00000| Untracked 
| 165|0x000000070eb00000, 0x000000070eb00000, 0x000000070ec00000|  0%| F|  |TAMS 0x000000070eb00000, 0x000000070eb00000| Untracked 
| 166|0x000000070ec00000, 0x000000070ec00000, 0x000000070ed00000|  0%| F|  |TAMS 0x000000070ec00000, 0x000000070ec00000| Untracked 
| 167|0x000000070ed00000, 0x000000070ed00000, 0x000000070ee00000|  0%| F|  |TAMS 0x000000070ed00000, 0x000000070ed00000| Untracked 
| 168|0x000000070ee00000, 0x000000070ee00000, 0x000000070ef00000|  0%| F|  |TAMS 0x000000070ee00000, 0x000000070ee00000| Untracked 
| 169|0x000000070ef00000, 0x000000070ef00000, 0x000000070f000000|  0%| F|  |TAMS 0x000000070ef00000, 0x000000070ef00000| Untracked 
| 170|0x000000070f000000, 0x000000070f000000, 0x000000070f100000|  0%| F|  |TAMS 0x000000070f000000, 0x000000070f000000| Untracked 
| 171|0x000000070f100000, 0x000000070f100000, 0x000000070f200000|  0%| F|  |TAMS 0x000000070f100000, 0x000000070f100000| Untracked 
| 172|0x000000070f200000, 0x000000070f200000, 0x000000070f300000|  0%| F|  |TAMS 0x000000070f200000, 0x000000070f200000| Untracked 
| 173|0x000000070f300000, 0x000000070f300000, 0x000000070f400000|  0%| F|  |TAMS 0x000000070f300000, 0x000000070f300000| Untracked 
| 174|0x000000070f400000, 0x000000070f400000, 0x000000070f500000|  0%| F|  |TAMS 0x000000070f400000, 0x000000070f400000| Untracked 
| 175|0x000000070f500000, 0x000000070f500000, 0x000000070f600000|  0%| F|  |TAMS 0x000000070f500000, 0x000000070f500000| Untracked 
| 176|0x000000070f600000, 0x000000070f600000, 0x000000070f700000|  0%| F|  |TAMS 0x000000070f600000, 0x000000070f600000| Untracked 
| 177|0x000000070f700000, 0x000000070f700000, 0x000000070f800000|  0%| F|  |TAMS 0x000000070f700000, 0x000000070f700000| Untracked 
| 178|0x000000070f800000, 0x000000070f800000, 0x000000070f900000|  0%| F|  |TAMS 0x000000070f800000, 0x000000070f800000| Untracked 
| 179|0x000000070f900000, 0x000000070f900000, 0x000000070fa00000|  0%| F|  |TAMS 0x000000070f900000, 0x000000070f900000| Untracked 
| 180|0x000000070fa00000, 0x000000070fa00000, 0x000000070fb00000|  0%| F|  |TAMS 0x000000070fa00000, 0x000000070fa00000| Untracked 
| 181|0x000000070fb00000, 0x000000070fb00000, 0x000000070fc00000|  0%| F|  |TAMS 0x000000070fb00000, 0x000000070fb00000| Untracked 
| 182|0x000000070fc00000, 0x000000070fc00000, 0x000000070fd00000|  0%| F|  |TAMS 0x000000070fc00000, 0x000000070fc00000| Untracked 
| 183|0x000000070fd00000, 0x000000070fd00000, 0x000000070fe00000|  0%| F|  |TAMS 0x000000070fd00000, 0x000000070fd00000| Untracked 
| 184|0x000000070fe00000, 0x000000070fe00000, 0x000000070ff00000|  0%| F|  |TAMS 0x000000070fe00000, 0x000000070fe00000| Untracked 
| 185|0x000000070ff00000, 0x000000070ff00000, 0x0000000710000000|  0%| F|  |TAMS 0x000000070ff00000, 0x000000070ff00000| Untracked 
| 186|0x0000000710000000, 0x0000000710000000, 0x0000000710100000|  0%| F|  |TAMS 0x0000000710000000, 0x0000000710000000| Untracked 
| 187|0x0000000710100000, 0x0000000710100000, 0x0000000710200000|  0%| F|  |TAMS 0x0000000710100000, 0x0000000710100000| Untracked 
| 188|0x0000000710200000, 0x0000000710200000, 0x0000000710300000|  0%| F|  |TAMS 0x0000000710200000, 0x0000000710200000| Untracked 
| 189|0x0000000710300000, 0x0000000710300000, 0x0000000710400000|  0%| F|  |TAMS 0x0000000710300000, 0x0000000710300000| Untracked 
| 190|0x0000000710400000, 0x0000000710400000, 0x0000000710500000|  0%| F|  |TAMS 0x0000000710400000, 0x0000000710400000| Untracked 
| 191|0x0000000710500000, 0x0000000710500000, 0x0000000710600000|  0%| F|  |TAMS 0x0000000710500000, 0x0000000710500000| Untracked 
| 192|0x0000000710600000, 0x0000000710600000, 0x0000000710700000|  0%| F|  |TAMS 0x0000000710600000, 0x0000000710600000| Untracked 
| 193|0x0000000710700000, 0x0000000710700000, 0x0000000710800000|  0%| F|  |TAMS 0x0000000710700000, 0x0000000710700000| Untracked 
| 194|0x0000000710800000, 0x0000000710800000, 0x0000000710900000|  0%| F|  |TAMS 0x0000000710800000, 0x0000000710800000| Untracked 
| 195|0x0000000710900000, 0x0000000710900000, 0x0000000710a00000|  0%| F|  |TAMS 0x0000000710900000, 0x0000000710900000| Untracked 
| 196|0x0000000710a00000, 0x0000000710a00000, 0x0000000710b00000|  0%| F|  |TAMS 0x0000000710a00000, 0x0000000710a00000| Untracked 
| 197|0x0000000710b00000, 0x0000000710b00000, 0x0000000710c00000|  0%| F|  |TAMS 0x0000000710b00000, 0x0000000710b00000| Untracked 
| 198|0x0000000710c00000, 0x0000000710c00000, 0x0000000710d00000|  0%| F|  |TAMS 0x0000000710c00000, 0x0000000710c00000| Untracked 
| 199|0x0000000710d00000, 0x0000000710d00000, 0x0000000710e00000|  0%| F|  |TAMS 0x0000000710d00000, 0x0000000710d00000| Untracked 
| 200|0x0000000710e00000, 0x0000000710e00000, 0x0000000710f00000|  0%| F|  |TAMS 0x0000000710e00000, 0x0000000710e00000| Untracked 
| 201|0x0000000710f00000, 0x0000000710f00000, 0x0000000711000000|  0%| F|  |TAMS 0x0000000710f00000, 0x0000000710f00000| Untracked 
| 202|0x0000000711000000, 0x0000000711000000, 0x0000000711100000|  0%| F|  |TAMS 0x0000000711000000, 0x0000000711000000| Untracked 
| 203|0x0000000711100000, 0x0000000711100000, 0x0000000711200000|  0%| F|  |TAMS 0x0000000711100000, 0x0000000711100000| Untracked 
| 204|0x0000000711200000, 0x0000000711200000, 0x0000000711300000|  0%| F|  |TAMS 0x0000000711200000, 0x0000000711200000| Untracked 
| 205|0x0000000711300000, 0x0000000711300000, 0x0000000711400000|  0%| F|  |TAMS 0x0000000711300000, 0x0000000711300000| Untracked 
| 206|0x0000000711400000, 0x0000000711400000, 0x0000000711500000|  0%| F|  |TAMS 0x0000000711400000, 0x0000000711400000| Untracked 
| 207|0x0000000711500000, 0x0000000711500000, 0x0000000711600000|  0%| F|  |TAMS 0x0000000711500000, 0x0000000711500000| Untracked 
| 208|0x0000000711600000, 0x0000000711600000, 0x0000000711700000|  0%| F|  |TAMS 0x0000000711600000, 0x0000000711600000| Untracked 
| 209|0x0000000711700000, 0x0000000711700000, 0x0000000711800000|  0%| F|  |TAMS 0x0000000711700000, 0x0000000711700000| Untracked 
| 210|0x0000000711800000, 0x0000000711800000, 0x0000000711900000|  0%| F|  |TAMS 0x0000000711800000, 0x0000000711800000| Untracked 
| 211|0x0000000711900000, 0x0000000711900000, 0x0000000711a00000|  0%| F|  |TAMS 0x0000000711900000, 0x0000000711900000| Untracked 
| 212|0x0000000711a00000, 0x0000000711a00000, 0x0000000711b00000|  0%| F|  |TAMS 0x0000000711a00000, 0x0000000711a00000| Untracked 
| 213|0x0000000711b00000, 0x0000000711b00000, 0x0000000711c00000|  0%| F|  |TAMS 0x0000000711b00000, 0x0000000711b00000| Untracked 
| 214|0x0000000711c00000, 0x0000000711c00000, 0x0000000711d00000|  0%| F|  |TAMS 0x0000000711c00000, 0x0000000711c00000| Untracked 
| 215|0x0000000711d00000, 0x0000000711d00000, 0x0000000711e00000|  0%| F|  |TAMS 0x0000000711d00000, 0x0000000711d00000| Untracked 
| 216|0x0000000711e00000, 0x0000000711e00000, 0x0000000711f00000|  0%| F|  |TAMS 0x0000000711e00000, 0x0000000711e00000| Untracked 
| 217|0x0000000711f00000, 0x0000000711f00000, 0x0000000712000000|  0%| F|  |TAMS 0x0000000711f00000, 0x0000000711f00000| Untracked 
| 218|0x0000000712000000, 0x0000000712000000, 0x0000000712100000|  0%| F|  |TAMS 0x0000000712000000, 0x0000000712000000| Untracked 
| 219|0x0000000712100000, 0x0000000712100000, 0x0000000712200000|  0%| F|  |TAMS 0x0000000712100000, 0x0000000712100000| Untracked 
| 220|0x0000000712200000, 0x0000000712200000, 0x0000000712300000|  0%| F|  |TAMS 0x0000000712200000, 0x0000000712200000| Untracked 
| 221|0x0000000712300000, 0x0000000712300000, 0x0000000712400000|  0%| F|  |TAMS 0x0000000712300000, 0x0000000712300000| Untracked 
| 222|0x0000000712400000, 0x0000000712400000, 0x0000000712500000|  0%| F|  |TAMS 0x0000000712400000, 0x0000000712400000| Untracked 
| 223|0x0000000712500000, 0x0000000712500000, 0x0000000712600000|  0%| F|  |TAMS 0x0000000712500000, 0x0000000712500000| Untracked 
| 224|0x0000000712600000, 0x0000000712600000, 0x0000000712700000|  0%| F|  |TAMS 0x0000000712600000, 0x0000000712600000| Untracked 
| 225|0x0000000712700000, 0x0000000712700000, 0x0000000712800000|  0%| F|  |TAMS 0x0000000712700000, 0x0000000712700000| Untracked 
| 226|0x0000000712800000, 0x0000000712800000, 0x0000000712900000|  0%| F|  |TAMS 0x0000000712800000, 0x0000000712800000| Untracked 
| 227|0x0000000712900000, 0x0000000712900000, 0x0000000712a00000|  0%| F|  |TAMS 0x0000000712900000, 0x0000000712900000| Untracked 
| 228|0x0000000712a00000, 0x0000000712a00000, 0x0000000712b00000|  0%| F|  |TAMS 0x0000000712a00000, 0x0000000712a00000| Untracked 
| 229|0x0000000712b00000, 0x0000000712b00000, 0x0000000712c00000|  0%| F|  |TAMS 0x0000000712b00000, 0x0000000712b00000| Untracked 
| 230|0x0000000712c00000, 0x0000000712c00000, 0x0000000712d00000|  0%| F|  |TAMS 0x0000000712c00000, 0x0000000712c00000| Untracked 
| 231|0x0000000712d00000, 0x0000000712d00000, 0x0000000712e00000|  0%| F|  |TAMS 0x0000000712d00000, 0x0000000712d00000| Untracked 
| 232|0x0000000712e00000, 0x0000000712e00000, 0x0000000712f00000|  0%| F|  |TAMS 0x0000000712e00000, 0x0000000712e00000| Untracked 
| 233|0x0000000712f00000, 0x0000000712f00000, 0x0000000713000000|  0%| F|  |TAMS 0x0000000712f00000, 0x0000000712f00000| Untracked 
| 234|0x0000000713000000, 0x0000000713000000, 0x0000000713100000|  0%| F|  |TAMS 0x0000000713000000, 0x0000000713000000| Untracked 
| 235|0x0000000713100000, 0x000000071312dd28, 0x0000000713200000| 17%| S|CS|TAMS 0x0000000713100000, 0x0000000713100000| Complete 
| 236|0x0000000713200000, 0x0000000713300000, 0x0000000713300000|100%| S|CS|TAMS 0x0000000713200000, 0x0000000713200000| Complete 
| 237|0x0000000713300000, 0x0000000713400000, 0x0000000713400000|100%| S|CS|TAMS 0x0000000713300000, 0x0000000713300000| Complete 
| 238|0x0000000713400000, 0x0000000713500000, 0x0000000713500000|100%| S|CS|TAMS 0x0000000713400000, 0x0000000713400000| Complete 
| 239|0x0000000713500000, 0x0000000713600000, 0x0000000713600000|100%| S|CS|TAMS 0x0000000713500000, 0x0000000713500000| Complete 
| 240|0x0000000713600000, 0x0000000713700000, 0x0000000713700000|100%| S|CS|TAMS 0x0000000713600000, 0x0000000713600000| Complete 
| 241|0x0000000713700000, 0x0000000713800000, 0x0000000713800000|100%| S|CS|TAMS 0x0000000713700000, 0x0000000713700000| Complete 
| 242|0x0000000713800000, 0x0000000713900000, 0x0000000713900000|100%| S|CS|TAMS 0x0000000713800000, 0x0000000713800000| Complete 
| 243|0x0000000713900000, 0x0000000713900000, 0x0000000713a00000|  0%| F|  |TAMS 0x0000000713900000, 0x0000000713900000| Untracked 
| 244|0x0000000713a00000, 0x0000000713a00000, 0x0000000713b00000|  0%| F|  |TAMS 0x0000000713a00000, 0x0000000713a00000| Untracked 
| 245|0x0000000713b00000, 0x0000000713b00000, 0x0000000713c00000|  0%| F|  |TAMS 0x0000000713b00000, 0x0000000713b00000| Untracked 
| 246|0x0000000713c00000, 0x0000000713c00000, 0x0000000713d00000|  0%| F|  |TAMS 0x0000000713c00000, 0x0000000713c00000| Untracked 
| 247|0x0000000713d00000, 0x0000000713d00000, 0x0000000713e00000|  0%| F|  |TAMS 0x0000000713d00000, 0x0000000713d00000| Untracked 
| 248|0x0000000713e00000, 0x0000000713e00000, 0x0000000713f00000|  0%| F|  |TAMS 0x0000000713e00000, 0x0000000713e00000| Untracked 
| 249|0x0000000713f00000, 0x0000000713f00000, 0x0000000714000000|  0%| F|  |TAMS 0x0000000713f00000, 0x0000000713f00000| Untracked 
| 250|0x0000000714000000, 0x0000000714000000, 0x0000000714100000|  0%| F|  |TAMS 0x0000000714000000, 0x0000000714000000| Untracked 
| 251|0x0000000714100000, 0x0000000714100000, 0x0000000714200000|  0%| F|  |TAMS 0x0000000714100000, 0x0000000714100000| Untracked 

Card table byte_map: [0x0000022a331d0000,0x0000022a339b0000] _byte_map_base: 0x0000022a2f9ad000

Marking Bits (Prev, Next): (CMBitMap*) 0x0000022a1be22150, (CMBitMap*) 0x0000022a1be22118
 Prev Bits: [0x0000022a38080000, 0x0000022a3bf68000)
 Next Bits: [0x0000022a34190000, 0x0000022a38078000)

Polling page: 0x0000022a19c10000

Metaspace:

Usage:
  Non-class:     30.62 MB capacity,    30.10 MB ( 98%) used,   448.29 KB (  1%) free+waste,    90.44 KB ( <1%) overhead. 
      Class:      4.35 MB capacity,     4.05 MB ( 93%) used,   260.85 KB (  6%) free+waste,    44.12 KB ( <1%) overhead. 
       Both:     34.97 MB capacity,    34.15 MB ( 98%) used,   709.14 KB (  2%) free+waste,   134.56 KB ( <1%) overhead. 

Virtual space:
  Non-class space:       32.00 MB reserved,      30.62 MB ( 96%) committed 
      Class space:        1.00 GB reserved,       4.38 MB ( <1%) committed 
             Both:        1.03 GB reserved,      35.00 MB (  3%) committed 

Chunk freelists:
   Non-Class:  0 bytes
       Class:  0 bytes
        Both:  0 bytes

CodeHeap 'non-profiled nmethods': size=120000Kb used=1552Kb max_used=1552Kb free=118447Kb
 bounds [0x0000022a2af70000, 0x0000022a2b1e0000, 0x0000022a324a0000]
CodeHeap 'profiled nmethods': size=120000Kb used=7196Kb max_used=7196Kb free=112803Kb
 bounds [0x0000022a23a40000, 0x0000022a24150000, 0x0000022a2af70000]
CodeHeap 'non-nmethods': size=5760Kb used=1138Kb max_used=1193Kb free=4621Kb
 bounds [0x0000022a234a0000, 0x0000022a23710000, 0x0000022a23a40000]
 total_blobs=3704 nmethods=3244 adapters=371
 compilation: enabled
              stopped_count=0, restarted_count=0
 full_count=0

Compilation events (10 events):
Event: 1.562 Thread 0x0000022a3f670000 nmethod 3241 0x0000022a2b0f3c10 code [0x0000022a2b0f3da0, 0x0000022a2b0f3e58]
Event: 1.562 Thread 0x0000022a3f670000 3243       3       java.lang.reflect.AccessibleObject::getAnnotations (5 bytes)
Event: 1.562 Thread 0x0000022a3f670000 nmethod 3243 0x0000022a24145410 code [0x0000022a241455c0, 0x0000022a24145788]
Event: 1.562 Thread 0x0000022a3f670000 3244       3       org.springframework.transaction.annotation.AnnotationTransactionAttributeSource::determineTransactionAttribute (51 bytes)
Event: 1.562 Thread 0x0000022a3f670000 nmethod 3244 0x0000022a24145810 code [0x0000022a24145a00, 0x0000022a24146058]
Event: 1.562 Thread 0x0000022a3f670000 3245       3       org.springframework.transaction.annotation.SpringTransactionAnnotationParser::parseTransactionAnnotation (21 bytes)
Event: 1.563 Thread 0x0000022a3f670000 nmethod 3245 0x0000022a24146210 code [0x0000022a24146480, 0x0000022a24146e68]
Event: 1.564 Thread 0x0000022a3f66d000 3246       4       jdk.internal.misc.VM::isModuleSystemInited (13 bytes)
Event: 1.564 Thread 0x0000022a3f66d000 nmethod 3246 0x0000022a2b0f3f10 code [0x0000022a2b0f4080, 0x0000022a2b0f40f8]
Event: 1.564 Thread 0x0000022a3f66d000 3247       4       java.util.Arrays::equals (57 bytes)

GC Heap History (9 events):
Event: 0.444 GC heap before
{Heap before GC invocations=0 (full 0):
 garbage-first heap   total 258048K, used 23552K [0x0000000704600000, 0x0000000800000000)
  region size 1024K, 24 young (24576K), 0 survivors (0K)
 Metaspace       used 13120K, capacity 13355K, committed 13440K, reserved 1060864K
  class space    used 1331K, capacity 1408K, committed 1408K, reserved 1048576K
}
Event: 0.447 GC heap after
{Heap after GC invocations=1 (full 0):
 garbage-first heap   total 258048K, used 4997K [0x0000000704600000, 0x0000000800000000)
  region size 1024K, 3 young (3072K), 3 survivors (3072K)
 Metaspace       used 13120K, capacity 13355K, committed 13440K, reserved 1060864K
  class space    used 1331K, capacity 1408K, committed 1408K, reserved 1048576K
}
Event: 0.819 GC heap before
{Heap before GC invocations=1 (full 0):
 garbage-first heap   total 258048K, used 40837K [0x0000000704600000, 0x0000000800000000)
  region size 1024K, 39 young (39936K), 3 survivors (3072K)
 Metaspace       used 20691K, capacity 21111K, committed 21248K, reserved 1069056K
  class space    used 2307K, capacity 2481K, committed 2560K, reserved 1048576K
}
Event: 0.824 GC heap after
{Heap after GC invocations=2 (full 0):
 garbage-first heap   total 258048K, used 6813K [0x0000000704600000, 0x0000000800000000)
  region size 1024K, 5 young (5120K), 5 survivors (5120K)
 Metaspace       used 20691K, capacity 21111K, committed 21248K, reserved 1069056K
  class space    used 2307K, capacity 2481K, committed 2560K, reserved 1048576K
}
Event: 1.010 GC heap before
{Heap before GC invocations=3 (full 0):
 garbage-first heap   total 258048K, used 45725K [0x0000000704600000, 0x0000000800000000)
  region size 1024K, 43 young (44032K), 5 survivors (5120K)
 Metaspace       used 26784K, capacity 27332K, committed 27392K, reserved 1073152K
  class space    used 3101K, capacity 3294K, committed 3328K, reserved 1048576K
}
Event: 1.014 GC heap after
{Heap after GC invocations=4 (full 0):
 garbage-first heap   total 258048K, used 8865K [0x0000000704600000, 0x0000000800000000)
  region size 1024K, 4 young (4096K), 4 survivors (4096K)
 Metaspace       used 26784K, capacity 27332K, committed 27392K, reserved 1073152K
  class space    used 3101K, capacity 3294K, committed 3328K, reserved 1048576K
}
Event: 1.467 GC heap before
{Heap before GC invocations=4 (full 0):
 garbage-first heap   total 258048K, used 71329K [0x0000000704600000, 0x0000000800000000)
  region size 1024K, 65 young (66560K), 4 survivors (4096K)
 Metaspace       used 33706K, capacity 34482K, committed 34560K, reserved 1079296K
  class space    used 3981K, capacity 4282K, committed 4352K, reserved 1048576K
}
Event: 1.471 GC heap after
{Heap after GC invocations=5 (full 0):
 garbage-first heap   total 258048K, used 11625K [0x0000000704600000, 0x0000000800000000)
  region size 1024K, 7 young (7168K), 7 survivors (7168K)
 Metaspace       used 33706K, capacity 34482K, committed 34560K, reserved 1079296K
  class space    used 3981K, capacity 4282K, committed 4352K, reserved 1048576K
}
Event: 1.564 GC heap before
{Heap before GC invocations=5 (full 0):
 garbage-first heap   total 258048K, used 19817K [0x0000000704600000, 0x0000000800000000)
  region size 1024K, 16 young (16384K), 7 survivors (7168K)
 Metaspace       used 34967K, capacity 35811K, committed 35840K, reserved 1081344K
  class space    used 4146K, capacity 4451K, committed 4480K, reserved 1048576K
}

Deoptimization events (10 events):
Event: 1.511 Thread 0x0000022a409c4800 Uncommon trap: reason=class_check action=maybe_recompile pc=0x0000022a2b0536e4 method=java.util.concurrent.ConcurrentHashMap.putVal(Ljava/lang/Object;Ljava/lang/Object;Z)Ljava/lang/Object; @ 242 c2
Event: 1.511 Thread 0x0000022a409c4800 Uncommon trap: reason=class_check action=maybe_recompile pc=0x0000022a2b0536e4 method=java.util.concurrent.ConcurrentHashMap.putVal(Ljava/lang/Object;Ljava/lang/Object;Z)Ljava/lang/Object; @ 242 c2
Event: 1.511 Thread 0x0000022a409c4800 Uncommon trap: reason=unstable_if action=reinterpret pc=0x0000022a2b055078 method=java.util.concurrent.ConcurrentHashMap.get(Ljava/lang/Object;)Ljava/lang/Object; @ 152 c2
Event: 1.525 Thread 0x0000022a409c4800 Uncommon trap: reason=unstable_if action=reinterpret pc=0x0000022a2b05a090 method=java.util.Properties$LineReader.readLine()I @ 25 c2
Event: 1.525 Thread 0x0000022a409c4800 Uncommon trap: reason=unstable_if action=reinterpret pc=0x0000022a2b051160 method=java.util.Properties$LineReader.readLine()I @ 117 c2
Event: 1.526 Thread 0x0000022a409c4800 Uncommon trap: reason=unstable_if action=reinterpret pc=0x0000022a2b05ce9c method=java.nio.Buffer.position(I)Ljava/nio/Buffer; @ 37 c2
Event: 1.527 Thread 0x0000022a409c4800 Uncommon trap: reason=unstable_if action=reinterpret pc=0x0000022a2b01201c method=java.nio.Buffer.position(I)Ljava/nio/Buffer; @ 37 c2
Event: 1.557 Thread 0x0000022a409c4800 Uncommon trap: reason=predicate action=maybe_recompile pc=0x0000022a2b0f1ee4 method=java.util.AbstractCollection.toArray([Ljava/lang/Object;)[Ljava/lang/Object; @ 43 c2
Event: 1.562 Thread 0x0000022a409c4800 Uncommon trap: reason=array_check action=maybe_recompile pc=0x0000022a2b0f30a8 method=java.util.AbstractCollection.toArray([Ljava/lang/Object;)[Ljava/lang/Object; @ 116 c2
Event: 1.562 Thread 0x0000022a409c4800 Uncommon trap: reason=array_check action=maybe_recompile pc=0x0000022a2b0f30a8 method=java.util.AbstractCollection.toArray([Ljava/lang/Object;)[Ljava/lang/Object; @ 116 c2

Classes redefined (0 events):
No events

Internal exceptions (10 events):
Event: 1.472 Thread 0x0000022a409c4800 Exception <a 'java/lang/ClassNotFoundException'{0x0000000714156338}: org/springframework/beans/factory/BeanClassLoaderAwareCustomizer> (0x0000000714156338) thrown at [./open/src/hotspot/share/classfile/systemDictionary.cpp, line 226]
Event: 1.473 Thread 0x0000022a409c4800 Exception <a 'java/lang/ClassNotFoundException'{0x0000000714163910}: org/springframework/beans/factory/AwareCustomizer> (0x0000000714163910) thrown at [./open/src/hotspot/share/classfile/systemDictionary.cpp, line 226]
Event: 1.473 Thread 0x0000022a409c4800 Exception <a 'java/lang/ClassNotFoundException'{0x00000007141715d8}: org/springframework/aop/framework/AopInfrastructureBeanCustomizer> (0x00000007141715d8) thrown at [./open/src/hotspot/share/classfile/systemDictionary.cpp, line 226]
Event: 1.475 Thread 0x0000022a409c4800 Exception <a 'java/lang/ClassNotFoundException'{0x000000071418ed70}: java/lang/ObjectCustomizer> (0x000000071418ed70) thrown at [./open/src/hotspot/share/classfile/systemDictionary.cpp, line 226]
Event: 1.476 Thread 0x0000022a409c4800 Exception <a 'java/lang/ClassNotFoundException'{0x00000007141a37e0}: org/springframework/transaction/annotation/AbstractTransactionManagementConfigurationCustomizer> (0x00000007141a37e0) thrown at [./open/src/hotspot/share/classfile/systemDictionary.cpp, 
Event: 1.476 Thread 0x0000022a409c4800 Exception <a 'java/lang/ClassNotFoundException'{0x00000007141b7298}: org/springframework/transaction/annotation/ProxyTransactionManagementConfigurationCustomizer> (0x00000007141b7298) thrown at [./open/src/hotspot/share/classfile/systemDictionary.cpp, lin
Event: 1.476 Thread 0x0000022a409c4800 Exception <a 'java/lang/ClassNotFoundException'{0x00000007141c9408}: org/springframework/context/annotation/ImportAwareCustomizer> (0x00000007141c9408) thrown at [./open/src/hotspot/share/classfile/systemDictionary.cpp, line 226]
Event: 1.476 Thread 0x0000022a409c4800 Exception <a 'java/lang/ClassNotFoundException'{0x00000007141d7470}: org/springframework/beans/factory/AwareCustomizer> (0x00000007141d7470) thrown at [./open/src/hotspot/share/classfile/systemDictionary.cpp, line 226]
Event: 1.500 Thread 0x0000022a409c4800 Exception <a 'java/lang/NoSuchMethodError'{0x0000000713e8dec0}: java.lang.invoke.DelegatingMethodHandle$Holder.delegate(Ljava/lang/Object;Ljava/lang/Object;ILjava/lang/Object;)V> (0x0000000713e8dec0) thrown at [./open/src/hotspot/share/interpreter/linkRes
Event: 1.550 Thread 0x0000022a409c4800 Exception <a 'java/lang/NoSuchMethodError'{0x0000000713a84380}: java.lang.invoke.DirectMethodHandle$Holder.invokeStatic(Ljava/lang/Object;Ljava/lang/Object;I)V> (0x0000000713a84380) thrown at [./open/src/hotspot/share/interpreter/linkResolver.cpp, line 77

Events (10 events):
Event: 1.564 loading class org/springframework/boot/util/LambdaSafe$GenericTypeFilter done
Event: 1.564 loading class org/springframework/boot/web/server/WebServerFactory
Event: 1.564 loading class org/springframework/boot/web/server/WebServerFactory done
Event: 1.564 loading class org/springframework/boot/web/server/WebServerFactoryCustomizer
Event: 1.564 loading class org/springframework/boot/web/server/WebServerFactoryCustomizer done
Event: 1.564 loading class org/springframework/boot/web/server/WebServerFactory
Event: 1.564 loading class org/springframework/boot/web/server/WebServerFactory done
Event: 1.564 loading class org/springframework/boot/util/LambdaSafe$Callbacks
Event: 1.564 loading class org/springframework/boot/util/LambdaSafe$Callbacks done
Event: 1.564 Executing VM operation: CollectForMetadataAllocation


Dynamic libraries:
0x00007ff65e950000 - 0x00007ff65e960000 	C:\Program Files\Java\jdk-11\bin\java.exe
0x00007ffde4670000 - 0x00007ffde4887000 	C:\windows\SYSTEM32\ntdll.dll
0x00007ffde33f0000 - 0x00007ffde34b4000 	C:\windows\System32\KERNEL32.DLL
0x00007ffde1ac0000 - 0x00007ffde1e6d000 	C:\windows\System32\KERNELBASE.dll
0x00007ffde19a0000 - 0x00007ffde1ab1000 	C:\windows\System32\ucrtbase.dll
0x00007ffdddf10000 - 0x00007ffdddf29000 	C:\Program Files\Java\jdk-11\bin\jli.dll
0x00007ffdddf50000 - 0x00007ffdddf6b000 	C:\Program Files\Java\jdk-11\bin\VCRUNTIME140.dll
0x00007ffde41f0000 - 0x00007ffde42a2000 	C:\windows\System32\ADVAPI32.dll
0x00007ffde27b0000 - 0x00007ffde2857000 	C:\windows\System32\msvcrt.dll
0x00007ffde42c0000 - 0x00007ffde4369000 	C:\windows\System32\sechost.dll
0x00007ffde2080000 - 0x00007ffde20a8000 	C:\windows\System32\bcrypt.dll
0x00007ffde2680000 - 0x00007ffde2794000 	C:\windows\System32\RPCRT4.dll
0x00007ffde4480000 - 0x00007ffde462e000 	C:\windows\System32\USER32.dll
0x00007ffde1fd0000 - 0x00007ffde1ff6000 	C:\windows\System32\win32u.dll
0x00007ffde41c0000 - 0x00007ffde41e9000 	C:\windows\System32\GDI32.dll
0x00007ffde2290000 - 0x00007ffde23a9000 	C:\windows\System32\gdi32full.dll
0x00007ffde1f30000 - 0x00007ffde1fca000 	C:\windows\System32\msvcp_win.dll
0x00007ffdd4590000 - 0x00007ffdd4823000 	C:\windows\WinSxS\amd64_microsoft.windows.common-controls_6595b64144ccf1df_6.0.22621.3672_none_2713b9d173822955\COMCTL32.dll
0x00007ffdd0ad0000 - 0x00007ffdd0ada000 	C:\windows\SYSTEM32\VERSION.dll
0x00007ffde35b0000 - 0x00007ffde35e1000 	C:\windows\System32\IMM32.DLL
0x00007ffddde80000 - 0x00007ffddde8c000 	C:\Program Files\Java\jdk-11\bin\vcruntime140_1.dll
0x00007ffdd4110000 - 0x00007ffdd419e000 	C:\Program Files\Java\jdk-11\bin\msvcp140.dll
0x00007ffd92650000 - 0x00007ffd931ae000 	C:\Program Files\Java\jdk-11\bin\server\jvm.dll
0x00007ffde24b0000 - 0x00007ffde24b8000 	C:\windows\System32\PSAPI.DLL
0x00007ffdcbe50000 - 0x00007ffdcbe59000 	C:\windows\SYSTEM32\WSOCK32.dll
0x00007ffdcf070000 - 0x00007ffdcf0a4000 	C:\windows\SYSTEM32\WINMM.dll
0x00007ffde2df0000 - 0x00007ffde2e61000 	C:\windows\System32\WS2_32.dll
0x00007ffde09e0000 - 0x00007ffde09f8000 	C:\windows\SYSTEM32\kernel.appcore.dll
0x00007ffddde10000 - 0x00007ffddde20000 	C:\Program Files\Java\jdk-11\bin\verify.dll
0x00007ffdcbe60000 - 0x00007ffdcc092000 	C:\windows\SYSTEM32\DBGHELP.DLL
0x00007ffde2860000 - 0x00007ffde2be8000 	C:\windows\System32\combase.dll
0x00007ffde34c0000 - 0x00007ffde3597000 	C:\windows\System32\OLEAUT32.dll
0x00007ffdc1c20000 - 0x00007ffdc1c52000 	C:\windows\SYSTEM32\dbgcore.DLL
0x00007ffde2000000 - 0x00007ffde207b000 	C:\windows\System32\bcryptPrimitives.dll
0x00007ffddda40000 - 0x00007ffddda68000 	C:\Program Files\Java\jdk-11\bin\java.dll
0x00007ffddde00000 - 0x00007ffddde0a000 	C:\Program Files\Java\jdk-11\bin\jimage.dll
0x00007ffddaee0000 - 0x00007ffddaeee000 	C:\Program Files\Java\jdk-11\bin\instrument.dll
0x00007ffdd82b0000 - 0x00007ffdd82c7000 	C:\Program Files\Java\jdk-11\bin\zip.dll
0x00007ffde3960000 - 0x00007ffde41bf000 	C:\windows\System32\SHELL32.dll
0x00007ffddf8a0000 - 0x00007ffde019c000 	C:\windows\SYSTEM32\windows.storage.dll
0x00007ffddf760000 - 0x00007ffddf89f000 	C:\windows\SYSTEM32\wintypes.dll
0x00007ffde23b0000 - 0x00007ffde24a4000 	C:\windows\System32\SHCORE.dll
0x00007ffde37a0000 - 0x00007ffde37fe000 	C:\windows\System32\shlwapi.dll
0x00007ffde18d0000 - 0x00007ffde18f1000 	C:\windows\SYSTEM32\profapi.dll
0x00007ffdd8290000 - 0x00007ffdd82a9000 	C:\Program Files\Java\jdk-11\bin\net.dll
0x00007ffddc7e0000 - 0x00007ffddc916000 	C:\windows\SYSTEM32\WINHTTP.dll
0x00007ffde0ee0000 - 0x00007ffde0f49000 	C:\windows\system32\mswsock.dll
0x00007ffdd40f0000 - 0x00007ffdd4102000 	C:\Program Files\Java\jdk-11\bin\nio.dll
0x00007ffdd40a0000 - 0x00007ffdd40ba000 	C:\Users\user\Desktop\course\Intellij\bin\breakgen64.dll
0x00007ffdd8340000 - 0x00007ffdd8349000 	C:\Program Files\Java\jdk-11\bin\management.dll
0x00007ffdd6370000 - 0x00007ffdd637b000 	C:\Program Files\Java\jdk-11\bin\management_ext.dll
0x00007ffdc88e0000 - 0x00007ffdc88f7000 	C:\windows\system32\napinsp.dll
0x00007ffdc88c0000 - 0x00007ffdc88db000 	C:\windows\system32\pnrpnsp.dll
0x00007ffde0470000 - 0x00007ffde0568000 	C:\windows\SYSTEM32\DNSAPI.dll
0x00007ffde0440000 - 0x00007ffde046d000 	C:\windows\SYSTEM32\IPHLPAPI.DLL
0x00007ffde35a0000 - 0x00007ffde35a9000 	C:\windows\System32\NSI.dll
0x00007ffdc88a0000 - 0x00007ffdc88b1000 	C:\windows\System32\winrnr.dll
0x00007ffdc8880000 - 0x00007ffdc8895000 	C:\windows\system32\wshbth.dll
0x00007ffdc8850000 - 0x00007ffdc8877000 	C:\windows\system32\nlansp_c.dll
0x00007ffdd6200000 - 0x00007ffdd620a000 	C:\Windows\System32\rasadhlp.dll
0x00007ffddbb00000 - 0x00007ffddbb83000 	C:\windows\System32\fwpuclnt.dll

dbghelp: loaded successfully - version: 4.0.5 - missing functions: none
symbol engine: initialized successfully - sym options: 0x614 - pdb path: .;C:\Program Files\Java\jdk-11\bin;C:\windows\SYSTEM32;C:\windows\WinSxS\amd64_microsoft.windows.common-controls_6595b64144ccf1df_6.0.22621.3672_none_2713b9d173822955;C:\Program Files\Java\jdk-11\bin\server;C:\Users\user\Desktop\course\Intellij\bin

VM Arguments:
jvm_args: -javaagent:C:\Users\user\Desktop\course\Intellij\lib\idea_rt.jar=53962:C:\Users\user\Desktop\course\Intellij\bin -Dfile.encoding=UTF-8 
java_command: com.coding404.myweb.BootMywebApplication
java_class_path (initial): C:\Users\user\Desktop\course\Intellij\workspace\BootMyweb\out\production\classes;C:\Users\user\Desktop\course\Intellij\workspace\BootMyweb\out\production\resources;C:\Users\user\.gradle\caches\modules-2\files-2.1\org.springframework.boot\spring-boot-starter-thymeleaf\2.7.18\c87a27e30720c43372ceb0476b5b00c6f5296df3\spring-boot-starter-thymeleaf-2.7.18.jar;C:\Users\user\.gradle\caches\modules-2\files-2.1\org.springframework.boot\spring-boot-starter-web\2.7.18\dd62ea85098187b4604e78dc15a7ff87dba173d\spring-boot-starter-web-2.7.18.jar;C:\Users\user\.gradle\caches\modules-2\files-2.1\org.springframework.boot\spring-boot-starter-validation\2.7.18\5c37e1806f7b09b2c0efc7317fbe16be65ced66e\spring-boot-starter-validation-2.7.18.jar;C:\Users\user\.gradle\caches\modules-2\files-2.1\org.mybatis.spring.boot\mybatis-spring-boot-starter\2.2.0\1543d9566e2acaa7230cd8996237a291603ac21f\mybatis-spring-boot-starter-2.2.0.jar;C:\Users\user\.gradle\caches\modules-2\files-2.1\org.bgee.log4jdbc-log4j2\log4jdbc-log4j2-jdbc4.1\1.16\ce7cd831b2e3e5d428e659a6fdae0fb6b89f3cc7\log4jdbc-log4j2-jdbc4.1-1.16.jar;C:\Users\user\.gradle\caches\modules-2\files-2.1\org.springframework.boot\spring-boot-starter\2.7.18\e56b75105f9ace6df154fd47eeeeadc2f5791e56\spring-boot-starter-2.7.18.jar;C:\Users\user\.gradle\caches\modules-2\files-2.1\org.thymeleaf\thymeleaf-spring5\3.0.15.RELEASE\7170e1bcd1588d38c139f7048ebcc262676441c3\thymeleaf-spring5-3.0.15.RELEASE.jar;C:\Users\user\.gradle\caches\modules-2\files-2.1\org.thymeleaf.extras\thymeleaf-extras-java8time\3.0.4.RELEASE\36e7175ddce36c486fff4578b5af7bb32f54f5df\thymeleaf-extras-java8time-3.0.4.RELEASE.jar;C:\Users\user\.gradle\caches\modules-2\files-2.1\org.springframework.boot\spring-boot-starter-json\2.7.18\b6d9ed5cae0c1929a9e561bf4799a3dc93a10db1\spring-boot-starter-json-2.7.18.jar;C:\Users\user\.gradle\caches\modules-2\files-2.1\org.springframework.boot\spring-boot-starter-tomcat\2.7.18\c56e50e006448e75a8bde595dbc754ba294389af\
Launcher Type: SUN_STANDARD

[Global flags]
     intx CICompilerCount                          = 4                                         {product} {ergonomic}
     uint ConcGCThreads                            = 3                                         {product} {ergonomic}
     uint G1ConcRefinementThreads                  = 10                                        {product} {ergonomic}
   size_t G1HeapRegionSize                         = 1048576                                   {product} {ergonomic}
    uintx GCDrainStackTargetSize                   = 64                                        {product} {ergonomic}
   size_t InitialHeapSize                          = 264241152                                 {product} {ergonomic}
   size_t MarkStackSize                            = 4194304                                   {product} {ergonomic}
   size_t MaxHeapSize                              = 4221566976                                {product} {ergonomic}
   size_t MaxNewSize                               = 2532311040                                {product} {ergonomic}
   size_t MinHeapDeltaBytes                        = 1048576                                   {product} {ergonomic}
    uintx NonNMethodCodeHeapSize                   = 5836300                                {pd product} {ergonomic}
    uintx NonProfiledCodeHeapSize                  = 122910970                              {pd product} {ergonomic}
    uintx ProfiledCodeHeapSize                     = 122910970                              {pd product} {ergonomic}
    uintx ReservedCodeCacheSize                    = 251658240                              {pd product} {ergonomic}
     bool SegmentedCodeCache                       = true                                      {product} {ergonomic}
     bool UseCompressedClassPointers               = true                                 {lp64_product} {ergonomic}
     bool UseCompressedOops                        = true                                 {lp64_product} {ergonomic}
     bool UseG1GC                                  = true                                      {product} {ergonomic}
     bool UseLargePagesIndividualAllocation        = false                                  {pd product} {ergonomic}

Logging:
Log output configuration:
 #0: stdout all=warning uptime,level,tags
 #1: stderr all=off uptime,level,tags

Environment Variables:
PATH=C:\oraclexe\app\oracle\product\11.2.0\server\bin;;C:\Program Files\Common Files\Oracle\Java\javapath;C:\windows\system32;C:\windows;C:\windows\System32\Wbem;C:\windows\System32\WindowsPowerShell\v1.0\;C:\windows\System32\OpenSSH\;C:\Program Files\Bandizip\;C:\Program Files\Git\cmd;C:\Users\user\AppData\Local\Microsoft\WindowsApps;C:\Users\user\AppData\Local\Programs\Microsoft VS Code\bin;C:\Users\user\AppData\Local\afreeca
USERNAME=user
OS=Windows_NT
PROCESSOR_IDENTIFIER=Intel64 Family 6 Model 151 Stepping 2, GenuineIntel



---------------  S Y S T E M  ---------------

OS: Windows 11 , 64 bit Build 22621 (10.0.22621.3672)
Hyper-V role detected

CPU:total 12 (initial active 12) (6 cores per cpu, 2 threads per core) family 6 model 151 stepping 2 microcode 0x1e, cmov, cx8, fxsr, mmx, sse, sse2, sse3, ssse3, sse4.1, sse4.2, popcnt, avx, avx2, aes, clmul, erms, 3dnowpref, lzcnt, ht, tsc, tscinvbit, bmi1, bmi2, adx, sha, fma

Memory: 4k page, system-wide physical 16098M (3566M free)
TotalPageFile size 44470M (AvailPageFile size 16M)
current process WorkingSet (physical memory assigned to process): 207M, peak: 210M
current process commit charge ("private bytes"): 427M, peak: 477M

vm_info: Java HotSpot(TM) 64-Bit Server VM (11.0.23+7-LTS-222) for windows-amd64 JRE (11.0.23+7-LTS-222), built on Mar 11 2024 22:13:52 by "mach5one" with MS VC++ 17.6 (VS2022)

END.
